<?xml version="1.0" encoding="UTF-8"?>
<!-- Generated by org.testng.reporters.JUnitReportReporter -->
<testsuite skipped="0" hostname="DESKTOP-AMSG348" name="org.techAltum.runner.TestRunner" tests="1" failures="0" timestamp="08 Mar 2020 08:33:09 GMT" time="22.215" errors="0">
  <testcase name="feature" time="22.215" classname="org.techAltum.runner.TestRunner"/>
</testsuite> <!-- org.techAltum.runner.TestRunner -->
